<?xml version="1.0" encoding="UTF-8" ?>
<testsuite failures="1" time="0.8" errors="0" skipped="0" tests="2" name="com.mango.games.db.TestGiftInventory">
  <properties>
    <property name="java.runtime.name" value="OpenJDK Runtime Environment"/>
    <property name="sun.boot.library.path" value="/usr/lib/jvm/java-6-openjdk-amd64/jre/lib/amd64"/>
    <property name="java.vm.version" value="20.0-b12"/>
    <property name="java.vm.vendor" value="Sun Microsystems Inc."/>
    <property name="java.vendor.url" value="http://java.sun.com/"/>
    <property name="path.separator" value=":"/>
    <property name="guice.disable.misplaced.annotation.check" value="true"/>
    <property name="java.vm.name" value="OpenJDK 64-Bit Server VM"/>
    <property name="file.encoding.pkg" value="sun.io"/>
    <property name="user.country" value="US"/>
    <property name="sun.java.launcher" value="SUN_STANDARD"/>
    <property name="sun.os.patch.level" value="unknown"/>
    <property name="java.vm.specification.name" value="Java Virtual Machine Specification"/>
    <property name="user.dir" value="/home/kush/Desktop/HudsonRepos/RummyServer/GamesDB"/>
    <property name="java.runtime.version" value="1.6.0_24-b24"/>
    <property name="java.awt.graphicsenv" value="sun.awt.X11GraphicsEnvironment"/>
    <property name="java.endorsed.dirs" value="/usr/lib/jvm/java-6-openjdk-amd64/jre/lib/endorsed"/>
    <property name="os.arch" value="amd64"/>
    <property name="java.io.tmpdir" value="/tmp"/>
    <property name="line.separator" value="
"/>
    <property name="java.vm.specification.vendor" value="Sun Microsystems Inc."/>
    <property name="os.name" value="Linux"/>
    <property name="classworlds.conf" value="/home/kush/workspace/.metadata/.plugins/org.eclipse.m2e.core/launches/m2conf4099978574299589521.tmp"/>
    <property name="sun.jnu.encoding" value="UTF-8"/>
    <property name="java.library.path" value="/usr/lib/jvm/java-6-openjdk-amd64/jre/lib/amd64/server:/usr/lib/jvm/java-6-openjdk-amd64/jre/lib/amd64:/usr/lib/jvm/java-6-openjdk-amd64/jre/../lib/amd64:/usr/java/packages/lib/amd64:/usr/lib/x86_64-linux-gnu/jni:/lib/x86_64-linux-gnu:/usr/lib/x86_64-linux-gnu:/usr/lib/jni:/lib:/usr/lib"/>
    <property name="java.specification.name" value="Java Platform API Specification"/>
    <property name="java.class.version" value="50.0"/>
    <property name="sun.management.compiler" value="HotSpot 64-Bit Tiered Compilers"/>
    <property name="os.version" value="3.2.0-29-generic"/>
    <property name="user.home" value="/home/kush"/>
    <property name="user.timezone" value="Asia/Kolkata"/>
    <property name="java.awt.printerjob" value="sun.print.PSPrinterJob"/>
    <property name="file.encoding" value="UTF-8"/>
    <property name="java.specification.version" value="1.6"/>
    <property name="user.name" value="kush"/>
    <property name="java.class.path" value="/home/kush/Downloads/eclipse/plugins/org.eclipse.m2e.maven.runtime_1.1.0.20120529-1956/jars/plexus-classworlds-2.4.jar"/>
    <property name="java.vm.specification.version" value="1.0"/>
    <property name="sun.arch.data.model" value="64"/>
    <property name="java.home" value="/usr/lib/jvm/java-6-openjdk-amd64/jre"/>
    <property name="sun.java.command" value="org.codehaus.plexus.classworlds.launcher.Launcher -B test"/>
    <property name="java.specification.vendor" value="Sun Microsystems Inc."/>
    <property name="user.language" value="en"/>
    <property name="java.vm.info" value="mixed mode"/>
    <property name="java.version" value="1.6.0_24"/>
    <property name="java.ext.dirs" value="/usr/lib/jvm/java-6-openjdk-amd64/jre/lib/ext:/usr/java/packages/lib/ext"/>
    <property name="securerandom.source" value="file:/dev/./urandom"/>
    <property name="sun.boot.class.path" value="/usr/lib/jvm/java-6-openjdk-amd64/jre/lib/resources.jar:/usr/lib/jvm/java-6-openjdk-amd64/jre/lib/rt.jar:/usr/lib/jvm/java-6-openjdk-amd64/jre/lib/sunrsasign.jar:/usr/lib/jvm/java-6-openjdk-amd64/jre/lib/jsse.jar:/usr/lib/jvm/java-6-openjdk-amd64/jre/lib/jce.jar:/usr/lib/jvm/java-6-openjdk-amd64/jre/lib/charsets.jar:/usr/lib/jvm/java-6-openjdk-amd64/jre/lib/netx.jar:/usr/lib/jvm/java-6-openjdk-amd64/jre/lib/plugin.jar:/usr/lib/jvm/java-6-openjdk-amd64/jre/lib/rhino.jar:/usr/lib/jvm/java-6-openjdk-amd64/jre/lib/modules/jdk.boot.jar:/usr/lib/jvm/java-6-openjdk-amd64/jre/classes"/>
    <property name="java.vendor" value="Sun Microsystems Inc."/>
    <property name="maven.home" value="/home/kush/Desktop/HudsonRepos/RummyServer/GamesDB/EMBEDDED"/>
    <property name="file.separator" value="/"/>
    <property name="java.vendor.url.bug" value="http://java.sun.com/cgi-bin/bugreport.cgi"/>
    <property name="sun.cpu.endian" value="little"/>
    <property name="sun.io.unicode.encoding" value="UnicodeLittle"/>
    <property name="sun.desktop" value="gnome"/>
    <property name="sun.cpu.isalist" value=""/>
  </properties>
  <testcase time="0.698" classname="com.mango.games.db.TestGiftInventory" name="com.mango.games.db.TestGiftInventory.testGetGiftInventoryByID">
    <failure message="Non-serializable object" type="java.lang.IllegalArgumentException">java.lang.IllegalArgumentException: Non-serializable object
	at net.spy.memcached.transcoders.BaseSerializingTranscoder.serialize(BaseSerializingTranscoder.java:110)
	at net.spy.memcached.transcoders.SerializingTranscoder.encode(SerializingTranscoder.java:162)
	at net.spy.memcached.MemcachedClient.asyncStore(MemcachedClient.java:282)
	at net.spy.memcached.MemcachedClient.add(MemcachedClient.java:661)
	at com.mango.games.db.memcache.SpyMemCacheClient.add(SpyMemCacheClient.java:92)
	at com.mango.games.db.GiftInventory.getGiftInventoryByID(GiftInventory.java:175)
	at com.mango.games.db.TestGiftInventory.testGetGiftInventoryByID(TestGiftInventory.java:28)
Caused by: java.io.NotSerializableException: com.mango.games.db.GiftInventory
	at java.io.ObjectOutputStream.writeObject0(ObjectOutputStream.java:1180)
	at java.io.ObjectOutputStream.writeObject(ObjectOutputStream.java:346)
	at net.spy.memcached.transcoders.BaseSerializingTranscoder.serialize(BaseSerializingTranscoder.java:105)
	... 24 more
</failure>
    <system-out>
Using Single Cache Server
Cache Get Method (IsConnected) : false
In get Server Disconnected
Observer :  Connection Established !!!

(Bone CP Pooling Class) should hav come only once...
com.mango.games.db.GiftInventory@496614e7
Cache Add Method (IsConnected) : true
</system-out>
    <system-err>2012-11-23 12:40:38.320 INFO net.spy.memcached.MemcachedConnection:  Added {QA sa=/127.0.0.1:11211, #Rops=0, #Wops=0, #iq=0, topRop=null, topWop=null, toWrite=0, interested=0} to connect queue
2012-11-23 12:40:38.326 INFO net.spy.memcached.MemcachedConnection:  Connection state changed for sun.nio.ch.SelectionKeyImpl@452bb7e0
SLF4J: Failed to load class &quot;org.slf4j.impl.StaticLoggerBinder&quot;.
SLF4J: Defaulting to no-operation (NOP) logger implementation
SLF4J: See http://www.slf4j.org/codes.html#StaticLoggerBinder for further details.
</system-err>
  </testcase>
  <testcase time="0.099" classname="com.mango.games.db.TestGiftInventory" name="com.mango.games.db.TestGiftInventory.testGetGiftInventoryByFBID_GiftID"/>
</testsuite>